<?xml version="1.0" encoding="UTF-8"?>
<testng-results skipped="0" failed="1" ignored="0" total="2" passed="1">
  <reporter-output>
    <line>
      <![CDATA[<div "result">Open chrome browser and url of the appliction (PASSED : 7s)</div>]]>
    </line>
    <line>
      <![CDATA[<div "result">Enter username and password and click on login button (PASSED : 19s)</div>]]>
    </line>
    <line>
      <![CDATA[<div "result">Click approve button and Successfully login to the account (PASSED : 15s)</div>]]>
    </line>
    <line>
      <![CDATA[<div "result">Open chrome and url of myhcl (PASSED : 11s)</div>]]>
    </line>
    <line>
      <![CDATA[<div "result">Enter username1 and password1 and click on login button (FAILED : 40s)</div>]]>
    </line>
    <line>
      <![CDATA[<div "result">Click approve button1 and login Successfully (SKIPPED)</div>]]>
    </line>
    <line>
      <![CDATA[<div "result">Enter itime in text search box (SKIPPED)</div>]]>
    </line>
    <line>
      <![CDATA[<div "result">Enter time in timesheet (SKIPPED)</div>]]>
    </line>
    <line>
      <![CDATA[<div "result">Save the time (SKIPPED)</div>]]>
    </line>
  </reporter-output>
  <suite name="Default suite" duration-ms="95217" started-at="2021-08-25T12:26:18Z" finished-at="2021-08-25T12:27:54Z">
    <groups>
      <group name="cucumber">
        <method signature="AbstractTestNGCucumberTests.runScenario(cucumber.api.testng.PickleEventWrapper, cucumber.api.testng.CucumberFeatureWrapper)[pri:0, instance:Runner.runner@42d80b78]" name="runScenario" class="cucumber.api.testng.AbstractTestNGCucumberTests"/>
      </group> <!-- cucumber -->
    </groups>
    <test name="Default test" duration-ms="95217" started-at="2021-08-25T12:26:18Z" finished-at="2021-08-25T12:27:54Z">
      <class name="Runner.runner">
        <test-method status="PASS" signature="setUpClass()[pri:0, instance:Runner.runner@42d80b78]" name="setUpClass" is-config="true" duration-ms="426" started-at="2021-08-25T17:56:18Z" finished-at="2021-08-25T17:56:19Z">
          <reporter-output>
          </reporter-output>
        </test-method> <!-- setUpClass -->
        <test-method status="PASS" signature="runScenario(cucumber.api.testng.PickleEventWrapper, cucumber.api.testng.CucumberFeatureWrapper)[pri:0, instance:Runner.runner@42d80b78]" name="runScenario" duration-ms="42222" started-at="2021-08-25T17:56:19Z" description="Runs Cucumber Scenarios" data-provider="scenarios" finished-at="2021-08-25T17:57:01Z">
          <params>
            <param index="0">
              <value>
                <![CDATA["test the login with valid users"]]>
              </value>
            </param>
            <param index="1">
              <value>
                <![CDATA["test the HCL  application"]]>
              </value>
            </param>
          </params>
          <reporter-output>
            <line>
              <![CDATA[<div "result">Open chrome browser and url of the appliction (PASSED : 7s)</div>]]>
            </line>
            <line>
              <![CDATA[<div "result">Enter username and password and click on login button (PASSED : 19s)</div>]]>
            </line>
            <line>
              <![CDATA[<div "result">Click approve button and Successfully login to the account (PASSED : 15s)</div>]]>
            </line>
          </reporter-output>
        </test-method> <!-- runScenario -->
        <test-method status="FAIL" signature="runScenario(cucumber.api.testng.PickleEventWrapper, cucumber.api.testng.CucumberFeatureWrapper)[pri:0, instance:Runner.runner@42d80b78]" name="runScenario" duration-ms="52274" started-at="2021-08-25T17:57:01Z" description="Runs Cucumber Scenarios" data-provider="scenarios" finished-at="2021-08-25T17:57:54Z">
          <params>
            <param index="0">
              <value>
                <![CDATA["test the iTime in my hcl"]]>
              </value>
            </param>
            <param index="1">
              <value>
                <![CDATA["test the HCL  application"]]>
              </value>
            </param>
          </params>
          <exception class="org.openqa.selenium.NoSuchElementException">
            <message>
              <![CDATA[no such element: Unable to locate element: {"method":"xpath","selector":"//input[@type='email']"}
  (Session info: chrome=92.0.4515.159)
For documentation on this error, please visit: http://seleniumhq.org/exceptions/no_such_element.html
Build info: version: '3.8.1', revision: '6e95a6684b', time: '2017-12-01T18:33:54.468Z'
System info: host: 'LP-5CD112M1JM', ip: '192.168.1.3', os.name: 'Windows 10', os.arch: 'amd64', os.version: '10.0', java.version: '1.8.0_181'
Driver info: org.openqa.selenium.chrome.ChromeDriver
Capabilities {acceptInsecureCerts: false, browserName: chrome, browserVersion: 92.0.4515.159, chrome: {chromedriverVersion: 92.0.4515.43 (8c61b7e2989f2..., userDataDir: C:\Users\sathish.ak\AppData...}, goog:chromeOptions: {debuggerAddress: localhost:56480}, javascriptEnabled: true, networkConnectionEnabled: false, pageLoadStrategy: normal, platform: WINDOWS, platformName: WINDOWS, proxy: Proxy(), setWindowRect: true, strictFileInteractability: false, timeouts: {implicit: 0, pageLoad: 300000, script: 30000}, unhandledPromptBehavior: dismiss and notify, webauthn:extension:credBlob: true, webauthn:extension:largeBlob: true, webauthn:virtualAuthenticators: true}
Session ID: dee91780f9d946bf8c9ec3ef5f80ae98
*** Element info: {Using=xpath, value=//input[@type='email']}]]>
            </message>
            <full-stacktrace>
              <![CDATA[org.openqa.selenium.NoSuchElementException: no such element: Unable to locate element: {"method":"xpath","selector":"//input[@type='email']"}
  (Session info: chrome=92.0.4515.159)
For documentation on this error, please visit: http://seleniumhq.org/exceptions/no_such_element.html
Build info: version: '3.8.1', revision: '6e95a6684b', time: '2017-12-01T18:33:54.468Z'
System info: host: 'LP-5CD112M1JM', ip: '192.168.1.3', os.name: 'Windows 10', os.arch: 'amd64', os.version: '10.0', java.version: '1.8.0_181'
Driver info: org.openqa.selenium.chrome.ChromeDriver
Capabilities {acceptInsecureCerts: false, browserName: chrome, browserVersion: 92.0.4515.159, chrome: {chromedriverVersion: 92.0.4515.43 (8c61b7e2989f2..., userDataDir: C:\Users\sathish.ak\AppData...}, goog:chromeOptions: {debuggerAddress: localhost:56480}, javascriptEnabled: true, networkConnectionEnabled: false, pageLoadStrategy: normal, platform: WINDOWS, platformName: WINDOWS, proxy: Proxy(), setWindowRect: true, strictFileInteractability: false, timeouts: {implicit: 0, pageLoad: 300000, script: 30000}, unhandledPromptBehavior: dismiss and notify, webauthn:extension:credBlob: true, webauthn:extension:largeBlob: true, webauthn:virtualAuthenticators: true}
Session ID: dee91780f9d946bf8c9ec3ef5f80ae98
*** Element info: {Using=xpath, value=//input[@type='email']}
	at sun.reflect.NativeConstructorAccessorImpl.newInstance0(Native Method)
	at sun.reflect.NativeConstructorAccessorImpl.newInstance(NativeConstructorAccessorImpl.java:62)
	at sun.reflect.DelegatingConstructorAccessorImpl.newInstance(DelegatingConstructorAccessorImpl.java:45)
	at java.lang.reflect.Constructor.newInstance(Constructor.java:423)
	at org.openqa.selenium.remote.http.W3CHttpResponseCodec.createException(W3CHttpResponseCodec.java:187)
	at org.openqa.selenium.remote.http.W3CHttpResponseCodec.decode(W3CHttpResponseCodec.java:122)
	at org.openqa.selenium.remote.http.W3CHttpResponseCodec.decode(W3CHttpResponseCodec.java:49)
	at org.openqa.selenium.remote.HttpCommandExecutor.execute(HttpCommandExecutor.java:164)
	at org.openqa.selenium.remote.service.DriverCommandExecutor.execute(DriverCommandExecutor.java:83)
	at org.openqa.selenium.remote.RemoteWebDriver.execute(RemoteWebDriver.java:601)
	at org.openqa.selenium.remote.RemoteWebDriver.findElement(RemoteWebDriver.java:371)
	at org.openqa.selenium.remote.RemoteWebDriver.findElementByXPath(RemoteWebDriver.java:473)
	at org.openqa.selenium.By$ByXPath.findElement(By.java:361)
	at org.openqa.selenium.remote.RemoteWebDriver.findElement(RemoteWebDriver.java:363)
	at Script.script.enter_username1_and_password1_and_click_on_login_button(script.java:71)
	at âœ½.Enter username1 and password1 and click on login button(Feature/feature.feature:11)
]]>
            </full-stacktrace>
          </exception> <!-- org.openqa.selenium.NoSuchElementException -->
          <reporter-output>
            <line>
              <![CDATA[<div "result">Open chrome and url of myhcl (PASSED : 11s)</div>]]>
            </line>
            <line>
              <![CDATA[<div "result">Enter username1 and password1 and click on login button (FAILED : 40s)</div>]]>
            </line>
            <line>
              <![CDATA[<div "result">Click approve button1 and login Successfully (SKIPPED)</div>]]>
            </line>
            <line>
              <![CDATA[<div "result">Enter itime in text search box (SKIPPED)</div>]]>
            </line>
            <line>
              <![CDATA[<div "result">Enter time in timesheet (SKIPPED)</div>]]>
            </line>
            <line>
              <![CDATA[<div "result">Save the time (SKIPPED)</div>]]>
            </line>
          </reporter-output>
        </test-method> <!-- runScenario -->
        <test-method status="PASS" signature="tearDownClass()[pri:0, instance:Runner.runner@42d80b78]" name="tearDownClass" is-config="true" duration-ms="4" started-at="2021-08-25T17:57:54Z" finished-at="2021-08-25T17:57:54Z">
          <reporter-output>
          </reporter-output>
        </test-method> <!-- tearDownClass -->
      </class> <!-- Runner.runner -->
    </test> <!-- Default test -->
  </suite> <!-- Default suite -->
</testng-results>
